<?xml version="1.0" encoding="UTF-8"?>
<testsuite xmlns:xsi="http://www.w3.org/2001/XMLSchema-instance" xsi:noNamespaceSchemaLocation="https://maven.apache.org/surefire/maven-surefire-plugin/xsd/surefire-test-report.xsd" name="Comparativo.AppTest" time="0.011" tests="1" errors="0" skipped="0" failures="0">
  <properties>
    <property name="java.specification.version" value="17"/>
    <property name="sun.jnu.encoding" value="UTF-8"/>
    <property name="java.class.path" value="/Users/davidfonseca/Desktop/Proyecto Promos/Comparador/Comparativo/target/test-classes:/Users/davidfonseca/Desktop/Proyecto Promos/Comparador/Comparativo/target/classes:/Users/davidfonseca/.m2/repository/junit/junit/4.11/junit-4.11.jar:/Users/davidfonseca/.m2/repository/org/hamcrest/hamcrest-core/1.3/hamcrest-core-1.3.jar:/Users/davidfonseca/.m2/repository/javax/ws/rs/javax.ws.rs-api/2.1.1/javax.ws.rs-api-2.1.1.jar:/Users/davidfonseca/.m2/repository/jakarta/ws/rs/jakarta.ws.rs-api/3.0.0/jakarta.ws.rs-api-3.0.0.jar:/Users/davidfonseca/.m2/repository/org/jboss/resteasy/resteasy-client/6.0.0.Final/resteasy-client-6.0.0.Final.jar:/Users/davidfonseca/.m2/repository/org/jboss/resteasy/resteasy-client-api/6.0.0.Final/resteasy-client-api-6.0.0.Final.jar:/Users/davidfonseca/.m2/repository/org/jboss/resteasy/resteasy-core-spi/6.0.0.Final/resteasy-core-spi-6.0.0.Final.jar:/Users/davidfonseca/.m2/repository/jakarta/annotation/jakarta.annotation-api/2.0.0/jakarta.annotation-api-2.0.0.jar:/Users/davidfonseca/.m2/repository/jakarta/xml/bind/jakarta.xml.bind-api/3.0.1/jakarta.xml.bind-api-3.0.1.jar:/Users/davidfonseca/.m2/repository/jakarta/validation/jakarta.validation-api/3.0.0/jakarta.validation-api-3.0.0.jar:/Users/davidfonseca/.m2/repository/org/jboss/resteasy/resteasy-core/6.0.0.Final/resteasy-core-6.0.0.Final.jar:/Users/davidfonseca/.m2/repository/com/ibm/async/asyncutil/0.1.0/asyncutil-0.1.0.jar:/Users/davidfonseca/.m2/repository/org/jboss/logging/jboss-logging/3.4.2.Final/jboss-logging-3.4.2.Final.jar:/Users/davidfonseca/.m2/repository/org/apache/httpcomponents/httpclient/4.5.13/httpclient-4.5.13.jar:/Users/davidfonseca/.m2/repository/org/apache/httpcomponents/httpcore/4.4.13/httpcore-4.4.13.jar:/Users/davidfonseca/.m2/repository/commons-logging/commons-logging/1.2/commons-logging-1.2.jar:/Users/davidfonseca/.m2/repository/commons-codec/commons-codec/1.15/commons-codec-1.15.jar:/Users/davidfonseca/.m2/repository/commons-io/commons-io/2.9.0/commons-io-2.9.0.jar:/Users/davidfonseca/.m2/repository/org/jboss/spec/javax/ws/rs/jboss-jaxrs-api_3.0_spec/1.0.0.Final/jboss-jaxrs-api_3.0_spec-1.0.0.Final.jar:/Users/davidfonseca/.m2/repository/org/reactivestreams/reactive-streams/1.0.3/reactive-streams-1.0.3.jar:/Users/davidfonseca/.m2/repository/org/jboss/resteasy/resteasy-jackson2-provider/3.1.0.Final/resteasy-jackson2-provider-3.1.0.Final.jar:/Users/davidfonseca/.m2/repository/com/fasterxml/jackson/core/jackson-core/2.8.3/jackson-core-2.8.3.jar:/Users/davidfonseca/.m2/repository/com/fasterxml/jackson/core/jackson-databind/2.8.3/jackson-databind-2.8.3.jar:/Users/davidfonseca/.m2/repository/com/fasterxml/jackson/core/jackson-annotations/2.8.3/jackson-annotations-2.8.3.jar:/Users/davidfonseca/.m2/repository/com/fasterxml/jackson/jaxrs/jackson-jaxrs-json-provider/2.8.3/jackson-jaxrs-json-provider-2.8.3.jar:/Users/davidfonseca/.m2/repository/com/fasterxml/jackson/jaxrs/jackson-jaxrs-base/2.8.3/jackson-jaxrs-base-2.8.3.jar:/Users/davidfonseca/.m2/repository/com/fasterxml/jackson/module/jackson-module-jaxb-annotations/2.8.3/jackson-module-jaxb-annotations-2.8.3.jar:/Users/davidfonseca/.m2/repository/org/apache/poi/poi-ooxml/5.2.0/poi-ooxml-5.2.0.jar:/Users/davidfonseca/.m2/repository/org/apache/poi/poi/5.2.0/poi-5.2.0.jar:/Users/davidfonseca/.m2/repository/org/apache/commons/commons-math3/3.6.1/commons-math3-3.6.1.jar:/Users/davidfonseca/.m2/repository/com/zaxxer/SparseBitSet/1.2/SparseBitSet-1.2.jar:/Users/davidfonseca/.m2/repository/org/apache/poi/poi-ooxml-lite/5.2.0/poi-ooxml-lite-5.2.0.jar:/Users/davidfonseca/.m2/repository/org/apache/xmlbeans/xmlbeans/5.0.3/xmlbeans-5.0.3.jar:/Users/davidfonseca/.m2/repository/org/apache/commons/commons-compress/1.21/commons-compress-1.21.jar:/Users/davidfonseca/.m2/repository/com/github/virtuald/curvesapi/1.06/curvesapi-1.06.jar:/Users/davidfonseca/.m2/repository/org/apache/logging/log4j/log4j-api/2.17.1/log4j-api-2.17.1.jar:/Users/davidfonseca/.m2/repository/org/apache/commons/commons-collections4/4.4/commons-collections4-4.4.jar:/Users/davidfonseca/.m2/repository/org/eclipse/angus/angus-mail/2.0.1/angus-mail-2.0.1.jar:/Users/davidfonseca/.m2/repository/jakarta/activation/jakarta.activation-api/2.1.1/jakarta.activation-api-2.1.1.jar:/Users/davidfonseca/.m2/repository/jakarta/mail/jakarta.mail-api/2.1.1/jakarta.mail-api-2.1.1.jar:/Users/davidfonseca/.m2/repository/org/eclipse/angus/angus-activation/2.0.0/angus-activation-2.0.0.jar:/Users/davidfonseca/.m2/repository/org/apache/commons/commons-lang3/3.12.0/commons-lang3-3.12.0.jar:/Users/davidfonseca/.m2/repository/com/google/code/gson/gson/2.9.0/gson-2.9.0.jar:/Users/davidfonseca/.m2/repository/org/postgresql/postgresql/42.5.4/postgresql-42.5.4.jar:/Users/davidfonseca/.m2/repository/org/checkerframework/checker-qual/3.5.0/checker-qual-3.5.0.jar:"/>
    <property name="java.vm.vendor" value="Oracle Corporation"/>
    <property name="sun.arch.data.model" value="64"/>
    <property name="java.vendor.url" value="https://java.oracle.com/"/>
    <property name="os.name" value="Mac OS X"/>
    <property name="java.vm.specification.version" value="17"/>
    <property name="sun.java.launcher" value="SUN_STANDARD"/>
    <property name="user.country" value="419"/>
    <property name="sun.boot.library.path" value="/Library/Java/JavaVirtualMachines/jdk-17.0.5.jdk/Contents/Home/lib"/>
    <property name="sun.java.command" value="/Users/davidfonseca/Desktop/Proyecto Promos/Comparador/Comparativo/target/surefire/surefirebooter5913693075365879364.jar /Users/davidfonseca/Desktop/Proyecto Promos/Comparador/Comparativo/target/surefire 2024-11-21T08-46-38_043-jvmRun1 surefire7567387164148224213tmp surefire_012731439572092350508tmp"/>
    <property name="http.nonProxyHosts" value="local|*.local|169.254/16|*.169.254/16"/>
    <property name="jdk.debug" value="release"/>
    <property name="surefire.test.class.path" value="/Users/davidfonseca/Desktop/Proyecto Promos/Comparador/Comparativo/target/test-classes:/Users/davidfonseca/Desktop/Proyecto Promos/Comparador/Comparativo/target/classes:/Users/davidfonseca/.m2/repository/junit/junit/4.11/junit-4.11.jar:/Users/davidfonseca/.m2/repository/org/hamcrest/hamcrest-core/1.3/hamcrest-core-1.3.jar:/Users/davidfonseca/.m2/repository/javax/ws/rs/javax.ws.rs-api/2.1.1/javax.ws.rs-api-2.1.1.jar:/Users/davidfonseca/.m2/repository/jakarta/ws/rs/jakarta.ws.rs-api/3.0.0/jakarta.ws.rs-api-3.0.0.jar:/Users/davidfonseca/.m2/repository/org/jboss/resteasy/resteasy-client/6.0.0.Final/resteasy-client-6.0.0.Final.jar:/Users/davidfonseca/.m2/repository/org/jboss/resteasy/resteasy-client-api/6.0.0.Final/resteasy-client-api-6.0.0.Final.jar:/Users/davidfonseca/.m2/repository/org/jboss/resteasy/resteasy-core-spi/6.0.0.Final/resteasy-core-spi-6.0.0.Final.jar:/Users/davidfonseca/.m2/repository/jakarta/annotation/jakarta.annotation-api/2.0.0/jakarta.annotation-api-2.0.0.jar:/Users/davidfonseca/.m2/repository/jakarta/xml/bind/jakarta.xml.bind-api/3.0.1/jakarta.xml.bind-api-3.0.1.jar:/Users/davidfonseca/.m2/repository/jakarta/validation/jakarta.validation-api/3.0.0/jakarta.validation-api-3.0.0.jar:/Users/davidfonseca/.m2/repository/org/jboss/resteasy/resteasy-core/6.0.0.Final/resteasy-core-6.0.0.Final.jar:/Users/davidfonseca/.m2/repository/com/ibm/async/asyncutil/0.1.0/asyncutil-0.1.0.jar:/Users/davidfonseca/.m2/repository/org/jboss/logging/jboss-logging/3.4.2.Final/jboss-logging-3.4.2.Final.jar:/Users/davidfonseca/.m2/repository/org/apache/httpcomponents/httpclient/4.5.13/httpclient-4.5.13.jar:/Users/davidfonseca/.m2/repository/org/apache/httpcomponents/httpcore/4.4.13/httpcore-4.4.13.jar:/Users/davidfonseca/.m2/repository/commons-logging/commons-logging/1.2/commons-logging-1.2.jar:/Users/davidfonseca/.m2/repository/commons-codec/commons-codec/1.15/commons-codec-1.15.jar:/Users/davidfonseca/.m2/repository/commons-io/commons-io/2.9.0/commons-io-2.9.0.jar:/Users/davidfonseca/.m2/repository/org/jboss/spec/javax/ws/rs/jboss-jaxrs-api_3.0_spec/1.0.0.Final/jboss-jaxrs-api_3.0_spec-1.0.0.Final.jar:/Users/davidfonseca/.m2/repository/org/reactivestreams/reactive-streams/1.0.3/reactive-streams-1.0.3.jar:/Users/davidfonseca/.m2/repository/org/jboss/resteasy/resteasy-jackson2-provider/3.1.0.Final/resteasy-jackson2-provider-3.1.0.Final.jar:/Users/davidfonseca/.m2/repository/com/fasterxml/jackson/core/jackson-core/2.8.3/jackson-core-2.8.3.jar:/Users/davidfonseca/.m2/repository/com/fasterxml/jackson/core/jackson-databind/2.8.3/jackson-databind-2.8.3.jar:/Users/davidfonseca/.m2/repository/com/fasterxml/jackson/core/jackson-annotations/2.8.3/jackson-annotations-2.8.3.jar:/Users/davidfonseca/.m2/repository/com/fasterxml/jackson/jaxrs/jackson-jaxrs-json-provider/2.8.3/jackson-jaxrs-json-provider-2.8.3.jar:/Users/davidfonseca/.m2/repository/com/fasterxml/jackson/jaxrs/jackson-jaxrs-base/2.8.3/jackson-jaxrs-base-2.8.3.jar:/Users/davidfonseca/.m2/repository/com/fasterxml/jackson/module/jackson-module-jaxb-annotations/2.8.3/jackson-module-jaxb-annotations-2.8.3.jar:/Users/davidfonseca/.m2/repository/org/apache/poi/poi-ooxml/5.2.0/poi-ooxml-5.2.0.jar:/Users/davidfonseca/.m2/repository/org/apache/poi/poi/5.2.0/poi-5.2.0.jar:/Users/davidfonseca/.m2/repository/org/apache/commons/commons-math3/3.6.1/commons-math3-3.6.1.jar:/Users/davidfonseca/.m2/repository/com/zaxxer/SparseBitSet/1.2/SparseBitSet-1.2.jar:/Users/davidfonseca/.m2/repository/org/apache/poi/poi-ooxml-lite/5.2.0/poi-ooxml-lite-5.2.0.jar:/Users/davidfonseca/.m2/repository/org/apache/xmlbeans/xmlbeans/5.0.3/xmlbeans-5.0.3.jar:/Users/davidfonseca/.m2/repository/org/apache/commons/commons-compress/1.21/commons-compress-1.21.jar:/Users/davidfonseca/.m2/repository/com/github/virtuald/curvesapi/1.06/curvesapi-1.06.jar:/Users/davidfonseca/.m2/repository/org/apache/logging/log4j/log4j-api/2.17.1/log4j-api-2.17.1.jar:/Users/davidfonseca/.m2/repository/org/apache/commons/commons-collections4/4.4/commons-collections4-4.4.jar:/Users/davidfonseca/.m2/repository/org/eclipse/angus/angus-mail/2.0.1/angus-mail-2.0.1.jar:/Users/davidfonseca/.m2/repository/jakarta/activation/jakarta.activation-api/2.1.1/jakarta.activation-api-2.1.1.jar:/Users/davidfonseca/.m2/repository/jakarta/mail/jakarta.mail-api/2.1.1/jakarta.mail-api-2.1.1.jar:/Users/davidfonseca/.m2/repository/org/eclipse/angus/angus-activation/2.0.0/angus-activation-2.0.0.jar:/Users/davidfonseca/.m2/repository/org/apache/commons/commons-lang3/3.12.0/commons-lang3-3.12.0.jar:/Users/davidfonseca/.m2/repository/com/google/code/gson/gson/2.9.0/gson-2.9.0.jar:/Users/davidfonseca/.m2/repository/org/postgresql/postgresql/42.5.4/postgresql-42.5.4.jar:/Users/davidfonseca/.m2/repository/org/checkerframework/checker-qual/3.5.0/checker-qual-3.5.0.jar:"/>
    <property name="sun.cpu.endian" value="little"/>
    <property name="user.home" value="/Users/davidfonseca"/>
    <property name="user.language" value="es"/>
    <property name="java.specification.vendor" value="Oracle Corporation"/>
    <property name="java.version.date" value="2022-10-18"/>
    <property name="java.home" value="/Library/Java/JavaVirtualMachines/jdk-17.0.5.jdk/Contents/Home"/>
    <property name="file.separator" value="/"/>
    <property name="style.color" value="always"/>
    <property name="basedir" value="/Users/davidfonseca/Desktop/Proyecto Promos/Comparador/Comparativo"/>
    <property name="java.vm.compressedOopsMode" value="Zero based"/>
    <property name="line.separator" value="&#10;"/>
    <property name="java.specification.name" value="Java Platform API Specification"/>
    <property name="java.vm.specification.vendor" value="Oracle Corporation"/>
    <property name="surefire.real.class.path" value="/Users/davidfonseca/Desktop/Proyecto Promos/Comparador/Comparativo/target/surefire/surefirebooter5913693075365879364.jar"/>
    <property name="sun.management.compiler" value="HotSpot 64-Bit Tiered Compilers"/>
    <property name="ftp.nonProxyHosts" value="local|*.local|169.254/16|*.169.254/16"/>
    <property name="java.runtime.version" value="17.0.5+9-LTS-191"/>
    <property name="user.name" value="davidfonseca"/>
    <property name="path.separator" value=":"/>
    <property name="os.version" value="13.4"/>
    <property name="java.runtime.name" value="Java(TM) SE Runtime Environment"/>
    <property name="file.encoding" value="UTF-8"/>
    <property name="java.vm.name" value="Java HotSpot(TM) 64-Bit Server VM"/>
    <property name="localRepository" value="/Users/davidfonseca/.m2/repository"/>
    <property name="java.vendor.url.bug" value="https://bugreport.java.com/bugreport/"/>
    <property name="java.io.tmpdir" value="/var/folders/x_/c7lz775j7fs6dgdjn5h_dn440000gn/T/"/>
    <property name="java.version" value="17.0.5"/>
    <property name="user.dir" value="/Users/davidfonseca/Desktop/Proyecto Promos/Comparador/Comparativo"/>
    <property name="os.arch" value="aarch64"/>
    <property name="java.vm.specification.name" value="Java Virtual Machine Specification"/>
    <property name="native.encoding" value="UTF-8"/>
    <property name="java.library.path" value="/Users/davidfonseca/Library/Java/Extensions:/Library/Java/Extensions:/Network/Library/Java/Extensions:/System/Library/Java/Extensions:/usr/lib/java:."/>
    <property name="java.vm.info" value="mixed mode, sharing"/>
    <property name="java.vendor" value="Oracle Corporation"/>
    <property name="java.vm.version" value="17.0.5+9-LTS-191"/>
    <property name="sun.io.unicode.encoding" value="UnicodeBig"/>
    <property name="socksNonProxyHosts" value="local|*.local|169.254/16|*.169.254/16"/>
    <property name="java.class.version" value="61.0"/>
  </properties>
  <testcase name="shouldAnswerWithTrue" classname="Comparativo.AppTest" time="0.001"/>
</testsuite>